This is pdfTeX, Version 3.1415926-2.5-1.40.14 (TeX Live 2013/Debian) (format=latex 2015.5.20)  15 SEP 2018 15:40
entering extended mode
 restricted \write18 enabled.
 %&-line parsing enabled.
**fcc_hcal.tex
(./fcc_hcal.tex
LaTeX2e <2011/06/27>
Babel <3.9h> and hyphenation patterns for 78 languages loaded.
(./elsarticle.cls
Document Class: elsarticle 2009/09/17, 1.2.0: Elsevier Ltd
\@bls=\dimen102
(/usr/share/texlive/texmf-dist/tex/latex/base/article.cls
Document Class: article 2007/10/19 v1.4h Standard LaTeX document class
(/usr/share/texlive/texmf-dist/tex/latex/base/size11.clo
File: size11.clo 2007/10/19 v1.4h Standard LaTeX file (size option)
)
\c@part=\count79
\c@section=\count80
\c@subsection=\count81
\c@subsubsection=\count82
\c@paragraph=\count83
\c@subparagraph=\count84
\c@figure=\count85
\c@table=\count86
\abovecaptionskip=\skip41
\belowcaptionskip=\skip42
\bibindent=\dimen103
)
(/usr/share/texlive/texmf-dist/tex/latex/graphics/graphicx.sty
Package: graphicx 1999/02/16 v1.0f Enhanced LaTeX Graphics (DPC,SPQR)

(/usr/share/texlive/texmf-dist/tex/latex/graphics/keyval.sty
Package: keyval 1999/03/16 v1.13 key=value parser (DPC)
\KV@toks@=\toks14
)
(/usr/share/texlive/texmf-dist/tex/latex/graphics/graphics.sty
Package: graphics 2009/02/05 v1.0o Standard LaTeX Graphics (DPC,SPQR)

(/usr/share/texlive/texmf-dist/tex/latex/graphics/trig.sty
Package: trig 1999/03/16 v1.09 sin cos tan (DPC)
)
(/usr/share/texlive/texmf-dist/tex/latex/latexconfig/graphics.cfg
File: graphics.cfg 2010/04/23 v1.9 graphics configuration of TeX Live
)
Package graphics Info: Driver file: dvips.def on input line 91.

(/usr/share/texlive/texmf-dist/tex/latex/graphics/dvips.def
File: dvips.def 1999/02/16 v3.0i Driver-dependant file (DPC,SPQR)
))
\Gin@req@height=\dimen104
\Gin@req@width=\dimen105
)
(/usr/share/texlive/texmf-dist/tex/latex/psnfss/pifont.sty
Package: pifont 2005/04/12 PSNFSS-v9.2a Pi font support (SPQR) 
LaTeX Font Info:    Try loading font information for U+pzd on input line 63.

(/usr/share/texlive/texmf-dist/tex/latex/psnfss/upzd.fd
File: upzd.fd 2001/06/04 font definitions for U/pzd.
)
LaTeX Font Info:    Try loading font information for U+psy on input line 64.

(/usr/share/texlive/texmf-dist/tex/latex/psnfss/upsy.fd
File: upsy.fd 2001/06/04 font definitions for U/psy.
))
\c@tnote=\count87
\c@fnote=\count88
\c@cnote=\count89
\c@ead=\count90
\c@author=\count91
\@eadauthor=\toks15
\c@affn=\count92
\absbox=\box26
\keybox=\box27
\Columnwidth=\dimen106
\space@left=\dimen107
\els@boxa=\box28
\els@boxb=\box29
\leftMargin=\dimen108
\@enLab=\toks16
\@sep=\skip43
\@@sep=\skip44
 (./fcc_hcal.spl)
(/usr/share/texlive/texmf-dist/tex/latex/natbib/natbib.sty
Package: natbib 2010/09/13 8.31b (PWD, AO)
\bibhang=\skip45
\bibsep=\skip46
LaTeX Info: Redefining \cite on input line 694.
\c@NAT@ctr=\count93
)
\splwrite=\write3
\openout3 = `fcc_hcal.spl'.


(/usr/share/texlive/texmf-dist/tex/latex/geometry/geometry.sty
Package: geometry 2010/09/12 v5.6 Page Geometry

(/usr/share/texlive/texmf-dist/tex/generic/oberdiek/ifpdf.sty
Package: ifpdf 2011/01/30 v2.3 Provides the ifpdf switch (HO)
Package ifpdf Info: pdfTeX in PDF mode is not detected.
)
(/usr/share/texlive/texmf-dist/tex/generic/oberdiek/ifvtex.sty
Package: ifvtex 2010/03/01 v1.5 Detect VTeX and its facilities (HO)
Package ifvtex Info: VTeX not detected.
)
(/usr/share/texlive/texmf-dist/tex/generic/ifxetex/ifxetex.sty
Package: ifxetex 2010/09/12 v0.6 Provides ifxetex conditional
)
\Gm@cnth=\count94
\Gm@cntv=\count95
\c@Gm@tempcnt=\count96
\Gm@bindingoffset=\dimen109
\Gm@wd@mp=\dimen110
\Gm@odd@mp=\dimen111
\Gm@even@mp=\dimen112
\Gm@layoutwidth=\dimen113
\Gm@layoutheight=\dimen114
\Gm@layouthoffset=\dimen115
\Gm@layoutvoffset=\dimen116
\Gm@dimlist=\toks17
))
(/usr/share/texlive/texmf-dist/tex/latex/graphics/epsfig.sty
Package: epsfig 1999/02/16 v1.7a (e)psfig emulation (SPQR)
\epsfxsize=\dimen117
\epsfysize=\dimen118
)
(/usr/share/texlive/texmf-dist/tex/latex/tools/array.sty
Package: array 2008/09/09 v2.4c Tabular extension package (FMi)
\col@sep=\dimen119
\extrarowheight=\dimen120
\NC@list=\toks18
\extratabsurround=\skip47
\backup@length=\skip48
)
(/usr/share/texlive/texmf-dist/tex/latex/tools/tabularx.sty
Package: tabularx 1999/01/07 v2.07 `tabularx' package (DPC)
\TX@col@width=\dimen121
\TX@old@table=\dimen122
\TX@old@col=\dimen123
\TX@target=\dimen124
\TX@delta=\dimen125
\TX@cols=\count97
\TX@ftn=\toks19
)
(/usr/share/texlive/texmf-dist/tex/latex/jknapltx/mathrsfs.sty
Package: mathrsfs 1996/01/01 Math RSFS package v1.0 (jk)
\symrsfs=\mathgroup4
)
(/usr/share/texlive/texmf-dist/tex/latex/rotating/rotating.sty
Package: rotating 2009/03/28 v2.16a rotated objects in LaTeX

(/usr/share/texlive/texmf-dist/tex/latex/base/ifthen.sty
Package: ifthen 2001/05/26 v1.1c Standard LaTeX ifthen package (DPC)
)
\c@r@tfl@t=\count98
\rotFPtop=\skip49
\rotFPbot=\skip50
\rot@float@box=\box30
\rot@mess@toks=\toks20
)
(/usr/share/texlive/texmf-dist/tex/latex/amsfonts/amsfonts.sty
Package: amsfonts 2013/01/14 v3.01 Basic AMSFonts support
\@emptytoks=\toks21
\symAMSa=\mathgroup5
\symAMSb=\mathgroup6
LaTeX Font Info:    Overwriting math alphabet `\mathfrak' in version `bold'
(Font)                  U/euf/m/n --> U/euf/b/n on input line 106.
)
(/usr/share/texlive/texmf-dist/tex/latex/ms/ragged2e.sty
Package: ragged2e 2009/05/21 v2.1 ragged2e Package (MS)

(/usr/share/texlive/texmf-dist/tex/latex/ms/everysel.sty
Package: everysel 2011/10/28 v1.2 EverySelectfont Package (MS)
)
\CenteringLeftskip=\skip51
\RaggedLeftLeftskip=\skip52
\RaggedRightLeftskip=\skip53
\CenteringRightskip=\skip54
\RaggedLeftRightskip=\skip55
\RaggedRightRightskip=\skip56
\CenteringParfillskip=\skip57
\RaggedLeftParfillskip=\skip58
\RaggedRightParfillskip=\skip59
\JustifyingParfillskip=\skip60
\CenteringParindent=\skip61
\RaggedLeftParindent=\skip62
\RaggedRightParindent=\skip63
\JustifyingParindent=\skip64
)
(/usr/share/texlive/texmf-dist/tex/latex/url/url.sty
\Urlmuskip=\muskip10
Package: url 2013/09/16  ver 3.4  Verb mode for urls, etc.
)
(/usr/share/texlive/texmf-dist/tex/latex/hyperref/hyperref.sty
Package: hyperref 2012/11/06 v6.83m Hypertext links for LaTeX

(/usr/share/texlive/texmf-dist/tex/generic/oberdiek/hobsub-hyperref.sty
Package: hobsub-hyperref 2012/05/28 v1.13 Bundle oberdiek, subset hyperref (HO)


(/usr/share/texlive/texmf-dist/tex/generic/oberdiek/hobsub-generic.sty
Package: hobsub-generic 2012/05/28 v1.13 Bundle oberdiek, subset generic (HO)
Package: hobsub 2012/05/28 v1.13 Construct package bundles (HO)
Package: infwarerr 2010/04/08 v1.3 Providing info/warning/error messages (HO)
Package: ltxcmds 2011/11/09 v1.22 LaTeX kernel commands for general use (HO)
Package: ifluatex 2010/03/01 v1.3 Provides the ifluatex switch (HO)
Package ifluatex Info: LuaTeX not detected.
Package hobsub Info: Skipping package `ifvtex' (already loaded).
Package: intcalc 2007/09/27 v1.1 Expandable calculations with integers (HO)
Package hobsub Info: Skipping package `ifpdf' (already loaded).
Package: etexcmds 2011/02/16 v1.5 Avoid name clashes with e-TeX commands (HO)
Package etexcmds Info: Could not find \expanded.
(etexcmds)             That can mean that you are not using pdfTeX 1.50 or
(etexcmds)             that some package has redefined \expanded.
(etexcmds)             In the latter case, load this package earlier.
Package: kvsetkeys 2012/04/25 v1.16 Key value parser (HO)
Package: kvdefinekeys 2011/04/07 v1.3 Define keys (HO)
Package: pdftexcmds 2011/11/29 v0.20 Utility functions of pdfTeX for LuaTeX (HO
)
Package pdftexcmds Info: LuaTeX not detected.
Package pdftexcmds Info: \pdf@primitive is available.
Package pdftexcmds Info: \pdf@ifprimitive is available.
Package pdftexcmds Info: \pdfdraftmode is ignored in DVI mode.
Package: pdfescape 2011/11/25 v1.13 Implements pdfTeX's escape features (HO)
Package: bigintcalc 2012/04/08 v1.3 Expandable calculations on big integers (HO
)
Package: bitset 2011/01/30 v1.1 Handle bit-vector datatype (HO)
Package: uniquecounter 2011/01/30 v1.2 Provide unlimited unique counter (HO)
)
Package hobsub Info: Skipping package `hobsub' (already loaded).
Package: letltxmacro 2010/09/02 v1.4 Let assignment for LaTeX macros (HO)
Package: hopatch 2012/05/28 v1.2 Wrapper for package hooks (HO)
Package: xcolor-patch 2011/01/30 xcolor patch
Package: atveryend 2011/06/30 v1.8 Hooks at the very end of document (HO)
Package atveryend Info: \enddocument detected (standard20110627).
Package: atbegshi 2011/10/05 v1.16 At begin shipout hook (HO)
Package: refcount 2011/10/16 v3.4 Data extraction from label references (HO)
Package: hycolor 2011/01/30 v1.7 Color options for hyperref/bookmark (HO)
)
(/usr/share/texlive/texmf-dist/tex/latex/oberdiek/auxhook.sty
Package: auxhook 2011/03/04 v1.3 Hooks for auxiliary files (HO)
)
(/usr/share/texlive/texmf-dist/tex/latex/oberdiek/kvoptions.sty
Package: kvoptions 2011/06/30 v3.11 Key value format for package options (HO)
)
\@linkdim=\dimen126
\Hy@linkcounter=\count99
\Hy@pagecounter=\count100

(/usr/share/texlive/texmf-dist/tex/latex/hyperref/pd1enc.def
File: pd1enc.def 2012/11/06 v6.83m Hyperref: PDFDocEncoding definition (HO)
)
\Hy@SavedSpaceFactor=\count101

(/usr/share/texlive/texmf-dist/tex/latex/latexconfig/hyperref.cfg
File: hyperref.cfg 2002/06/06 v1.2 hyperref configuration of TeXLive
)
Package hyperref Info: Option `final' set `true' on input line 4319.
Package hyperref Info: Hyper figures OFF on input line 4443.
Package hyperref Info: Link nesting OFF on input line 4448.
Package hyperref Info: Hyper index ON on input line 4451.
Package hyperref Info: Plain pages OFF on input line 4458.
Package hyperref Info: Backreferencing OFF on input line 4463.
Package hyperref Info: Implicit mode ON; LaTeX internals redefined.
Package hyperref Info: Bookmarks ON on input line 4688.
\c@Hy@tempcnt=\count102
LaTeX Info: Redefining \url on input line 5041.
\XeTeXLinkMargin=\dimen127
\Fld@menulength=\count103
\Field@Width=\dimen128
\Fld@charsize=\dimen129
Package hyperref Info: Hyper figures OFF on input line 6295.
Package hyperref Info: Link nesting OFF on input line 6300.
Package hyperref Info: Hyper index ON on input line 6303.
Package hyperref Info: backreferencing OFF on input line 6310.
Package hyperref Info: Link coloring OFF on input line 6315.
Package hyperref Info: Link coloring with OCG OFF on input line 6320.
Package hyperref Info: PDF/A mode OFF on input line 6325.
LaTeX Info: Redefining \ref on input line 6365.
LaTeX Info: Redefining \pageref on input line 6369.
\Hy@abspage=\count104
\c@Item=\count105
\c@Hfootnote=\count106
)

Package hyperref Message: Driver (default): hdvips.

(/usr/share/texlive/texmf-dist/tex/latex/hyperref/hdvips.def
File: hdvips.def 2012/11/06 v6.83m Hyperref driver for dvips

(/usr/share/texlive/texmf-dist/tex/latex/hyperref/pdfmark.def
File: pdfmark.def 2012/11/06 v6.83m Hyperref definitions for pdfmark specials
\pdf@docset=\toks22
\pdf@box=\box31
\pdf@toks=\toks23
\pdf@defaulttoks=\toks24
\HyField@AnnotCount=\count107
\Fld@listcount=\count108
\c@bookmark@seq@number=\count109

(/usr/share/texlive/texmf-dist/tex/latex/oberdiek/rerunfilecheck.sty
Package: rerunfilecheck 2011/04/15 v1.7 Rerun checks for auxiliary files (HO)
Package uniquecounter Info: New unique counter `rerunfilecheck' on input line 2
82.
)
\Hy@SectionHShift=\skip65
))
(/usr/share/texlive/texmf-dist/tex/latex/listings/listings.sty
\lst@mode=\count110
\lst@gtempboxa=\box32
\lst@token=\toks25
\lst@length=\count111
\lst@currlwidth=\dimen130
\lst@column=\count112
\lst@pos=\count113
\lst@lostspace=\dimen131
\lst@width=\dimen132
\lst@newlines=\count114
\lst@lineno=\count115
\lst@maxwidth=\dimen133

(/usr/share/texlive/texmf-dist/tex/latex/listings/lstmisc.sty
File: lstmisc.sty 2013/08/26 1.5b (Carsten Heinz)
\c@lstnumber=\count116
\lst@skipnumbers=\count117
\lst@framebox=\box33
)
(/usr/share/texlive/texmf-dist/tex/latex/listings/listings.cfg
File: listings.cfg 2013/08/26 1.5b listings configuration
))
Package: listings 2013/08/26 1.5b (Carsten Heinz)

(/usr/share/texlive/texmf-dist/tex/latex/subfigure/subfigure.sty
Package: subfigure 2002/03/15 v2.1.5 subfigure package
\subfigtopskip=\skip66
\subfigcapskip=\skip67
\subfigcaptopadj=\dimen134
\subfigbottomskip=\skip68
\subfigcapmargin=\dimen135
\subfiglabelskip=\skip69
\c@subfigure=\count118
\c@lofdepth=\count119
\c@subtable=\count120
\c@lotdepth=\count121

****************************************
* Local config file subfigure.cfg used *
****************************************
(/usr/share/texlive/texmf-dist/tex/latex/subfigure/subfigure.cfg)
\subfig@top=\skip70
\subfig@bottom=\skip71
)
(/usr/share/texlive/texmf-dist/tex/latex/oberdiek/epstopdf.sty
Package: epstopdf 2010/02/09 v2.5 Conversion with epstopdf on the fly (HO)

(/usr/share/texlive/texmf-dist/tex/latex/oberdiek/epstopdf-base.sty
Package: epstopdf-base 2010/02/09 v2.5 Base part for package epstopdf

(/usr/share/texlive/texmf-dist/tex/latex/oberdiek/grfext.sty
Package: grfext 2010/08/19 v1.1 Manage graphics extensions (HO)
)

Package epstopdf Warning: Drivers other than `pdftex.def' are not supported.

)) (/usr/share/texlive/texmf-dist/tex/latex/graphics/color.sty
Package: color 2005/11/14 v1.0j Standard LaTeX Color (DPC)

(/usr/share/texlive/texmf-dist/tex/latex/latexconfig/color.cfg
File: color.cfg 2007/01/18 v1.5 color configuration of teTeX/TeXLive
)
Package color Info: Driver file: dvips.def on input line 130.

(/usr/share/texlive/texmf-dist/tex/latex/graphics/dvipsnam.def
File: dvipsnam.def 1999/02/16 v3.0i Driver-dependant file (DPC,SPQR)
))
(/usr/share/texlive/texmf-dist/tex/latex/float/float.sty
Package: float 2001/11/08 v1.3d Float enhancements (AL)
\c@float@type=\count122
\float@exts=\toks26
\float@box=\box34
\@float@everytoks=\toks27
\@floatcapt=\box35
)
(/usr/share/texlive/texmf-dist/tex/latex/tools/verbatim.sty
Package: verbatim 2003/08/22 v1.5q LaTeX2e package for verbatim enhancements
\every@verbatim=\toks28
\verbatim@line=\toks29
\verbatim@in@stream=\read1
)
(/usr/share/texlive/texmf-dist/tex/generic/ulem/ulem.sty
\UL@box=\box36
\UL@hyphenbox=\box37
\UL@skip=\skip72
\UL@hook=\toks30
\UL@height=\dimen136
\UL@pe=\count123
\UL@pixel=\dimen137
\ULC@box=\box38
Package: ulem 2012/05/18
\ULdepth=\dimen138
)
(/usr/share/texlive/texmf-dist/tex/latex/soul/soul.sty
Package: soul 2003/11/17 v2.4 letterspacing/underlining (mf)
\SOUL@word=\toks31
\SOUL@lasttoken=\toks32
\SOUL@cmds=\toks33
\SOUL@buffer=\toks34
\SOUL@token=\toks35
\SOUL@spaceskip=\skip73
\SOUL@ttwidth=\dimen139
\SOUL@uldp=\dimen140
\SOUL@ulht=\dimen141
)
Package hyperref Info: Option `colorlinks' set `true' on input line 72.

pdfTeX warning (\pdfinfo): not allowed in DVI mode (\pdfoutput <= 0); ignoring 
it
(./fcc_hcal.aux)
\openout1 = `fcc_hcal.aux'.

LaTeX Font Info:    Checking defaults for OML/cmm/m/it on input line 118.
LaTeX Font Info:    ... okay on input line 118.
LaTeX Font Info:    Checking defaults for T1/cmr/m/n on input line 118.
LaTeX Font Info:    ... okay on input line 118.
LaTeX Font Info:    Checking defaults for OT1/cmr/m/n on input line 118.
LaTeX Font Info:    ... okay on input line 118.
LaTeX Font Info:    Checking defaults for OMS/cmsy/m/n on input line 118.
LaTeX Font Info:    ... okay on input line 118.
LaTeX Font Info:    Checking defaults for OMX/cmex/m/n on input line 118.
LaTeX Font Info:    ... okay on input line 118.
LaTeX Font Info:    Checking defaults for U/cmr/m/n on input line 118.
LaTeX Font Info:    ... okay on input line 118.
LaTeX Font Info:    Checking defaults for PD1/pdf/m/n on input line 118.
LaTeX Font Info:    ... okay on input line 118.

*geometry* driver: auto-detecting
*geometry* detected driver: dvips
*geometry* verbose mode - [ preamble ] result:
* driver: dvips
* paper: custom
* layout: <same size as paper>
* layoutoffset:(h,v)=(0.0pt,0.0pt)
* hratio: 1:1
* vratio: 1:1
* modes: 
* h-part:(L,W,R)=(106.75394pt, 384.0pt, 106.75394pt)
* v-part:(T,H,B)=(141.52342pt, 562.0pt, 141.52342pt)
* \paperwidth=597.50787pt
* \paperheight=845.04684pt
* \textwidth=412.56496pt
* \textheight=625.96062pt
* \oddsidemargin=34.48395pt
* \evensidemargin=34.48395pt
* \topmargin=7.25343pt
* \headheight=50.0pt
* \headsep=12.0pt
* \topskip=11.0pt
* \footskip=12.0pt
* \marginparwidth=59.0pt
* \marginparsep=10.0pt
* \columnsep=10.0pt
* \skip\footins=24.0pt plus 2.0pt minus 12.0pt
* \hoffset=0.0pt
* \voffset=0.0pt
* \mag=1000
* \@twocolumnfalse
* \@twosidefalse
* \@mparswitchfalse
* \@reversemarginfalse
* (1in=72.27pt=25.4mm, 1cm=28.453pt)

ABD: EverySelectfont initializing macros
LaTeX Info: Redefining \selectfont on input line 118.
\AtBeginShipoutBox=\box39
Package hyperref Info: Link coloring ON on input line 118.

(/usr/share/texlive/texmf-dist/tex/latex/hyperref/nameref.sty
Package: nameref 2012/10/27 v2.43 Cross-referencing by name of section

(/usr/share/texlive/texmf-dist/tex/generic/oberdiek/gettitlestring.sty
Package: gettitlestring 2010/12/03 v1.4 Cleanup title references (HO)
)
\c@section@level=\count124
)
LaTeX Info: Redefining \ref on input line 118.
LaTeX Info: Redefining \pageref on input line 118.
LaTeX Info: Redefining \nameref on input line 118.

(./fcc_hcal.out) (./fcc_hcal.out)
\@outlinefile=\write4
\openout4 = `fcc_hcal.out'.

\c@lstlisting=\count125

(/usr/share/texlive/texmf-dist/tex/latex/listings/lstlang1.sty
File: lstlang1.sty 2013/08/26 1.5b listings language file
)
LaTeX Font Info:    Try loading font information for U+rsfs on input line 210.

(/usr/share/texlive/texmf-dist/tex/latex/jknapltx/ursfs.fd
File: ursfs.fd 1998/03/24 rsfs font definition file (jk)
)
LaTeX Font Info:    Try loading font information for U+msa on input line 210.

(/usr/share/texlive/texmf-dist/tex/latex/amsfonts/umsa.fd
File: umsa.fd 2013/01/14 v3.01 AMS symbols A
)
LaTeX Font Info:    Try loading font information for U+msb on input line 210.

(/usr/share/texlive/texmf-dist/tex/latex/amsfonts/umsb.fd
File: umsb.fd 2013/01/14 v3.01 AMS symbols B
) [1

] (./fcc_jets.tex
File: figs/h5tev_clus_effR_ww1.eps Graphic file (type eps)

<figs/h5tev_clus_effR_ww1.eps>
File: figs/h10tev_clus_effR_ww1.eps Graphic file (type eps)
 <figs/h10tev_clus_effR_ww1.eps>
File: figs/h20tev_clus_effR_ww1.eps Graphic file (type eps)

<figs/h20tev_clus_effR_ww1.eps>
File: figs/h40tev_clus_effR_ww1.eps Graphic file (type eps)
 <figs/h40tev_clus_effR_ww1.eps>
File: figs/h5tev_clus_d12_ww1.eps Graphic file (type eps)

<figs/h5tev_clus_d12_ww1.eps>
File: figs/h10tev_clus_d12_ww1.eps Graphic file (type eps)
 <figs/h10tev_clus_d12_ww1.eps>
File: figs/h20tev_clus_d12_ww1.eps Graphic file (type eps)

<figs/h20tev_clus_d12_ww1.eps>
File: figs/h40tev_clus_d12_ww1.eps Graphic file (type eps)
 <figs/h40tev_clus_d12_ww1.eps>

Package natbib Warning: Citation `Ellis:2009su' on page 2 undefined on input li
ne 64.

[2] [3] [4]) (./fcc_Mass_soft_drop_for_paper_new_no_UOF_total.tex [5]
File: figs/Dis_cluster_010_mass_mmdt_5tev_04_no_UOF.eps Graphic file (type eps)


<figs/Dis_cluster_010_mass_mmdt_5tev_04_no_UOF.eps>
Underfull \hbox (badness 3646) in paragraph at lines 86--86
[]\OT1/cmr/m/n/9 (a) 5 TeV at 20$\OMS/cmsy/m/n/9 ^^B$\OT1/cmr/m/n/9 20
 []

File: figs/Dis_cluster_010_mass_mmdt_10tev_04_no_UOF.eps Graphic file (type eps
)
<figs/Dis_cluster_010_mass_mmdt_10tev_04_no_UOF.eps>
Underfull \hbox (badness 1320) in paragraph at lines 89--89
[]\OT1/cmr/m/n/9 (b) 10 TeV at 20$\OMS/cmsy/m/n/9 ^^B$\OT1/cmr/m/n/9 20
 []

File: figs/Dis_cluster_010_mass_mmdt_20tev_04_no_UOF.eps Graphic file (type eps
)
<figs/Dis_cluster_010_mass_mmdt_20tev_04_no_UOF.eps>
Underfull \hbox (badness 1661) in paragraph at lines 92--92
[]\OT1/cmr/m/n/9 (c) 20 TeV at 20$\OMS/cmsy/m/n/9 ^^B$\OT1/cmr/m/n/9 20
 []

File: figs/Dis_cluster_010_mass_mmdt_40tev_04_no_UOF.eps Graphic file (type eps
)
<figs/Dis_cluster_010_mass_mmdt_40tev_04_no_UOF.eps>
Underfull \hbox (badness 1320) in paragraph at lines 95--95
[]\OT1/cmr/m/n/9 (d) 40 TeV at 20$\OMS/cmsy/m/n/9 ^^B$\OT1/cmr/m/n/9 20
 []

File: figs/Dis_cluster_009_mass_mmdt_5tev_04_no_UOF.eps Graphic file (type eps)

<figs/Dis_cluster_009_mass_mmdt_5tev_04_no_UOF.eps>
Underfull \hbox (badness 10000) in paragraph at lines 98--98
[]\OT1/cmr/m/n/9 (e) 5 TeV at 5$\OMS/cmsy/m/n/9 ^^B$\OT1/cmr/m/n/9 5
 []

File: figs/Dis_cluster_009_mass_mmdt_10tev_04_no_UOF.eps Graphic file (type eps
)
<figs/Dis_cluster_009_mass_mmdt_10tev_04_no_UOF.eps>
Underfull \hbox (badness 10000) in paragraph at lines 101--101
[]\OT1/cmr/m/n/9 (f) 10 TeV at 5$\OMS/cmsy/m/n/9 ^^B$\OT1/cmr/m/n/9 5
 []

File: figs/Dis_cluster_009_mass_mmdt_20tev_04_no_UOF.eps Graphic file (type eps
)
<figs/Dis_cluster_009_mass_mmdt_20tev_04_no_UOF.eps>
Underfull \hbox (badness 4266) in paragraph at lines 104--104
[]\OT1/cmr/m/n/9 (g) 20 TeV at 5$\OMS/cmsy/m/n/9 ^^B$\OT1/cmr/m/n/9 5
 []

File: figs/Dis_cluster_009_mass_mmdt_40tev_04_no_UOF.eps Graphic file (type eps
)
<figs/Dis_cluster_009_mass_mmdt_40tev_04_no_UOF.eps>
Underfull \hbox (badness 3930) in paragraph at lines 107--107
[]\OT1/cmr/m/n/9 (h) 40 TeV at 5$\OMS/cmsy/m/n/9 ^^B$\OT1/cmr/m/n/9 5
 []

File: figs/Dis_cluster_012_mass_mmdt_5tev_04_no_UOF.eps Graphic file (type eps)

<figs/Dis_cluster_012_mass_mmdt_5tev_04_no_UOF.eps>
Underfull \hbox (badness 10000) in paragraph at lines 110--110
[]\OT1/cmr/m/n/9 (i) 5 TeV at 1$\OMS/cmsy/m/n/9 ^^B$\OT1/cmr/m/n/9 1
 []

File: figs/Dis_cluster_012_mass_mmdt_10tev_04_no_UOF.eps Graphic file (type eps
)
<figs/Dis_cluster_012_mass_mmdt_10tev_04_no_UOF.eps>
Underfull \hbox (badness 10000) in paragraph at lines 113--113
[]\OT1/cmr/m/n/9 (j) 10 TeV at 1$\OMS/cmsy/m/n/9 ^^B$\OT1/cmr/m/n/9 1
 []

File: figs/Dis_cluster_012_mass_mmdt_20tev_04_no_UOF.eps Graphic file (type eps
)
<figs/Dis_cluster_012_mass_mmdt_20tev_04_no_UOF.eps>
Underfull \hbox (badness 4096) in paragraph at lines 116--116
[]\OT1/cmr/m/n/9 (k) 20 TeV at 1$\OMS/cmsy/m/n/9 ^^B$\OT1/cmr/m/n/9 1
 []

File: figs/Dis_cluster_012_mass_mmdt_40tev_04_no_UOF.eps Graphic file (type eps
)
<figs/Dis_cluster_012_mass_mmdt_40tev_04_no_UOF.eps>
Underfull \hbox (badness 10000) in paragraph at lines 119--119
[]\OT1/cmr/m/n/9 (l) 40 TeV at 1$\OMS/cmsy/m/n/9 ^^B$\OT1/cmr/m/n/9 1
 []

File: figs/A_Cluster_mass_mmdt_5tev_eff_1_central_fix_at_Median_bin_ww_qq_log_n
o_UOF.eps Graphic file (type eps)

<figs/A_Cluster_mass_mmdt_5tev_eff_1_central_fix_at_Median_bin_ww_qq_log_no_UOF
.eps>
File: figs/A_Cluster_mass_mmdt_10tev_eff_1_central_fix_at_Median_bin_ww_qq_log_
no_UOF.eps Graphic file (type eps)

<figs/A_Cluster_mass_mmdt_10tev_eff_1_central_fix_at_Median_bin_ww_qq_log_no_UO
F.eps>
File: figs/A_Cluster_mass_mmdt_20tev_eff_1_central_fix_at_Median_bin_ww_qq_log_
no_UOF.eps Graphic file (type eps)

<figs/A_Cluster_mass_mmdt_20tev_eff_1_central_fix_at_Median_bin_ww_qq_log_no_UO
F.eps>
File: figs/A_Cluster_mass_mmdt_40tev_eff_1_central_fix_at_Median_bin_ww_qq_log_
no_UOF.eps Graphic file (type eps)

<figs/A_Cluster_mass_mmdt_40tev_eff_1_central_fix_at_Median_bin_ww_qq_log_no_UO
F.eps>
File: figs/Dis_cluster_010_mass_mmdt_tt_5tev_04_tt_no_UOF.eps Graphic file (typ
e eps)
 <figs/Dis_cluster_010_mass_mmdt_tt_5tev_04_tt_no_UOF.eps>
Underfull \hbox (badness 3646) in paragraph at lines 159--159
[]\OT1/cmr/m/n/9 (a) 5 TeV at 20$\OMS/cmsy/m/n/9 ^^B$\OT1/cmr/m/n/9 20
 []

File: figs/Dis_cluster_010_mass_mmdt_tt_10tev_04_tt_no_UOF.eps Graphic file (ty
pe eps)
<figs/Dis_cluster_010_mass_mmdt_tt_10tev_04_tt_no_UOF.eps>
Underfull \hbox (badness 1320) in paragraph at lines 162--162
[]\OT1/cmr/m/n/9 (b) 10 TeV at 20$\OMS/cmsy/m/n/9 ^^B$\OT1/cmr/m/n/9 20
 []

File: figs/Dis_cluster_010_mass_mmdt_tt_20tev_04_tt_no_UOF.eps Graphic file (ty
pe eps)
<figs/Dis_cluster_010_mass_mmdt_tt_20tev_04_tt_no_UOF.eps>
Underfull \hbox (badness 7777) in paragraph at lines 165--165
[]\OT1/cmr/m/n/9 (c) 20 TeV at 5$\OMS/cmsy/m/n/9 ^^B$\OT1/cmr/m/n/9 5
 []

File: figs/Dis_cluster_010_mass_mmdt_tt_40tev_04_tt_no_UOF.eps Graphic file (ty
pe eps)
<figs/Dis_cluster_010_mass_mmdt_tt_40tev_04_tt_no_UOF.eps>
Underfull \hbox (badness 6775) in paragraph at lines 168--168
[]\OT1/cmr/m/n/9 (d) 40 TeV at 5$\OMS/cmsy/m/n/9 ^^B$\OT1/cmr/m/n/9 5
 []

File: figs/Dis_cluster_009_mass_mmdt_tt_5tev_04_tt_no_UOF.eps Graphic file (typ
e eps)
<figs/Dis_cluster_009_mass_mmdt_tt_5tev_04_tt_no_UOF.eps>
Underfull \hbox (badness 10000) in paragraph at lines 171--171
[]\OT1/cmr/m/n/9 (e) 5 TeV at 1$\OMS/cmsy/m/n/9 ^^B$\OT1/cmr/m/n/9 1
 []

File: figs/Dis_cluster_009_mass_mmdt_tt_10tev_04_tt_no_UOF.eps Graphic file (ty
pe eps)
<figs/Dis_cluster_009_mass_mmdt_tt_10tev_04_tt_no_UOF.eps>
Underfull \hbox (badness 10000) in paragraph at lines 174--174
[]\OT1/cmr/m/n/9 (f) 10 TeV at 1$\OMS/cmsy/m/n/9 ^^B$\OT1/cmr/m/n/9 1
 []

File: figs/Dis_cluster_009_mass_mmdt_tt_20tev_04_tt_no_UOF.eps Graphic file (ty
pe eps)
<figs/Dis_cluster_009_mass_mmdt_tt_20tev_04_tt_no_UOF.eps>
File: figs/Dis_cluster_009_mass_mmdt_tt_40tev_04_tt_no_UOF.eps Graphic file (ty
pe eps)

<figs/Dis_cluster_009_mass_mmdt_tt_40tev_04_tt_no_UOF.eps>
File: figs/Dis_cluster_012_mass_mmdt_tt_5tev_04_tt_no_UOF.eps Graphic file (typ
e eps)

<figs/Dis_cluster_012_mass_mmdt_tt_5tev_04_tt_no_UOF.eps>
Underfull \hbox (badness 10000) in paragraph at lines 183--183
[]\OT1/cmr/m/n/9 (i) 5 TeV at 5$\OMS/cmsy/m/n/9 ^^B$\OT1/cmr/m/n/9 5
 []

File: figs/Dis_cluster_012_mass_mmdt_tt_10tev_04_tt_no_UOF.eps Graphic file (ty
pe eps)
<figs/Dis_cluster_012_mass_mmdt_tt_10tev_04_tt_no_UOF.eps>
Underfull \hbox (badness 10000) in paragraph at lines 186--186
[]\OT1/cmr/m/n/9 (j) 10 TeV at 5$\OMS/cmsy/m/n/9 ^^B$\OT1/cmr/m/n/9 5
 []

File: figs/Dis_cluster_012_mass_mmdt_tt_20tev_04_tt_no_UOF.eps Graphic file (ty
pe eps)
<figs/Dis_cluster_012_mass_mmdt_tt_20tev_04_tt_no_UOF.eps>
Underfull \hbox (badness 4096) in paragraph at lines 189--189
[]\OT1/cmr/m/n/9 (k) 20 TeV at 1$\OMS/cmsy/m/n/9 ^^B$\OT1/cmr/m/n/9 1
 []

File: figs/Dis_cluster_012_mass_mmdt_tt_40tev_04_tt_no_UOF.eps Graphic file (ty
pe eps)
<figs/Dis_cluster_012_mass_mmdt_tt_40tev_04_tt_no_UOF.eps>
Underfull \hbox (badness 10000) in paragraph at lines 192--192
[]\OT1/cmr/m/n/9 (l) 40 TeV at 1$\OMS/cmsy/m/n/9 ^^B$\OT1/cmr/m/n/9 1
 []

File: figs/A_Cluster_mass_mmdt_5tev_eff_1_central_fix_at_Median_bin_tt_qq_log_n
o_UOF.eps Graphic file (type eps)

<figs/A_Cluster_mass_mmdt_5tev_eff_1_central_fix_at_Median_bin_tt_qq_log_no_UOF
.eps>
File: figs/A_Cluster_mass_mmdt_10tev_eff_1_central_fix_at_Median_bin_tt_qq_log_
no_UOF.eps Graphic file (type eps)

<figs/A_Cluster_mass_mmdt_10tev_eff_1_central_fix_at_Median_bin_tt_qq_log_no_UO
F.eps>
File: figs/A_Cluster_mass_mmdt_20tev_eff_1_central_fix_at_Median_bin_tt_qq_log_
no_UOF.eps Graphic file (type eps)

<figs/A_Cluster_mass_mmdt_20tev_eff_1_central_fix_at_Median_bin_tt_qq_log_no_UO
F.eps>
File: figs/A_Cluster_mass_mmdt_40tev_eff_1_central_fix_at_Median_bin_tt_qq_log_
no_UOF.eps Graphic file (type eps)

<figs/A_Cluster_mass_mmdt_40tev_eff_1_central_fix_at_Median_bin_tt_qq_log_no_UO
F.eps>
File: figs/Dis_cluster_010_mass_sdb2_ww_5tev_04_800_no_UOF.eps Graphic file (ty
pe eps)
 <figs/Dis_cluster_010_mass_sdb2_ww_5tev_04_800_no_UOF.eps>
Underfull \hbox (badness 3646) in paragraph at lines 236--236
[]\OT1/cmr/m/n/9 (a) 5 TeV at 20$\OMS/cmsy/m/n/9 ^^B$\OT1/cmr/m/n/9 20
 []

File: figs/Dis_cluster_010_mass_sdb2_ww_10tev_04_800_no_UOF.eps Graphic file (t
ype eps)
<figs/Dis_cluster_010_mass_sdb2_ww_10tev_04_800_no_UOF.eps>
Underfull \hbox (badness 1320) in paragraph at lines 239--239
[]\OT1/cmr/m/n/9 (b) 10 TeV at 20$\OMS/cmsy/m/n/9 ^^B$\OT1/cmr/m/n/9 20
 []

File: figs/Dis_cluster_010_mass_sdb2_ww_20tev_04_1600_no_UOF.eps Graphic file (
type eps)
<figs/Dis_cluster_010_mass_sdb2_ww_20tev_04_1600_no_UOF.eps>
Underfull \hbox (badness 1661) in paragraph at lines 242--242
[]\OT1/cmr/m/n/9 (c) 20 TeV at 20$\OMS/cmsy/m/n/9 ^^B$\OT1/cmr/m/n/9 20
 []

File: figs/Dis_cluster_010_mass_sdb2_ww_40tev_04_1600_no_UOF.eps Graphic file (
type eps)
<figs/Dis_cluster_010_mass_sdb2_ww_40tev_04_1600_no_UOF.eps>
Underfull \hbox (badness 1320) in paragraph at lines 245--245
[]\OT1/cmr/m/n/9 (d) 40 TeV at 20$\OMS/cmsy/m/n/9 ^^B$\OT1/cmr/m/n/9 20
 []

File: figs/Dis_cluster_009_mass_sdb2_ww_5tev_04_800_no_UOF.eps Graphic file (ty
pe eps)
<figs/Dis_cluster_009_mass_sdb2_ww_5tev_04_800_no_UOF.eps>
Underfull \hbox (badness 10000) in paragraph at lines 248--248
[]\OT1/cmr/m/n/9 (e) 5 TeV at 5$\OMS/cmsy/m/n/9 ^^B$\OT1/cmr/m/n/9 5
 []

File: figs/Dis_cluster_009_mass_sdb2_ww_10tev_04_800_no_UOF.eps Graphic file (t
ype eps)
<figs/Dis_cluster_009_mass_sdb2_ww_10tev_04_800_no_UOF.eps>
Underfull \hbox (badness 10000) in paragraph at lines 251--251
[]\OT1/cmr/m/n/9 (f) 10 TeV at 5$\OMS/cmsy/m/n/9 ^^B$\OT1/cmr/m/n/9 5
 []

File: figs/Dis_cluster_009_mass_sdb2_ww_20tev_04_1600_no_UOF.eps Graphic file (
type eps)
<figs/Dis_cluster_009_mass_sdb2_ww_20tev_04_1600_no_UOF.eps>
Underfull \hbox (badness 4266) in paragraph at lines 254--254
[]\OT1/cmr/m/n/9 (g) 20 TeV at 5$\OMS/cmsy/m/n/9 ^^B$\OT1/cmr/m/n/9 5
 []

File: figs/Dis_cluster_009_mass_sdb2_ww_40tev_04_1600_no_UOF.eps Graphic file (
type eps)
<figs/Dis_cluster_009_mass_sdb2_ww_40tev_04_1600_no_UOF.eps>
Underfull \hbox (badness 3930) in paragraph at lines 257--257
[]\OT1/cmr/m/n/9 (h) 40 TeV at 5$\OMS/cmsy/m/n/9 ^^B$\OT1/cmr/m/n/9 5
 []

File: figs/Dis_cluster_012_mass_sdb2_ww_5tev_04_800_no_UOF.eps Graphic file (ty
pe eps)
<figs/Dis_cluster_012_mass_sdb2_ww_5tev_04_800_no_UOF.eps>
Underfull \hbox (badness 10000) in paragraph at lines 260--260
[]\OT1/cmr/m/n/9 (i) 5 TeV at 1$\OMS/cmsy/m/n/9 ^^B$\OT1/cmr/m/n/9 1
 []

File: figs/Dis_cluster_012_mass_sdb2_ww_10tev_04_800_no_UOF.eps Graphic file (t
ype eps)
<figs/Dis_cluster_012_mass_sdb2_ww_10tev_04_800_no_UOF.eps>
Underfull \hbox (badness 10000) in paragraph at lines 263--263
[]\OT1/cmr/m/n/9 (j) 10 TeV at 1$\OMS/cmsy/m/n/9 ^^B$\OT1/cmr/m/n/9 1
 []

File: figs/Dis_cluster_012_mass_sdb2_ww_20tev_04_1600_no_UOF.eps Graphic file (
type eps)
<figs/Dis_cluster_012_mass_sdb2_ww_20tev_04_1600_no_UOF.eps>
Underfull \hbox (badness 4096) in paragraph at lines 266--266
[]\OT1/cmr/m/n/9 (k) 20 TeV at 1$\OMS/cmsy/m/n/9 ^^B$\OT1/cmr/m/n/9 1
 []

File: figs/Dis_cluster_012_mass_sdb2_ww_40tev_04_1600_no_UOF.eps Graphic file (
type eps)
<figs/Dis_cluster_012_mass_sdb2_ww_40tev_04_1600_no_UOF.eps>
Underfull \hbox (badness 10000) in paragraph at lines 269--269
[]\OT1/cmr/m/n/9 (l) 40 TeV at 1$\OMS/cmsy/m/n/9 ^^B$\OT1/cmr/m/n/9 1
 []

File: figs/A_Cluster_mass_sdb2_5tev_eff_1_central_fix_at_Median_bin_ww_qq_log_n
o_UOF.eps Graphic file (type eps)

<figs/A_Cluster_mass_sdb2_5tev_eff_1_central_fix_at_Median_bin_ww_qq_log_no_UOF
.eps>
File: figs/A_Cluster_mass_sdb2_10tev_eff_1_central_fix_at_Median_bin_ww_qq_log_
no_UOF.eps Graphic file (type eps)

<figs/A_Cluster_mass_sdb2_10tev_eff_1_central_fix_at_Median_bin_ww_qq_log_no_UO
F.eps>
File: figs/A_Cluster_mass_sdb2_20tev_eff_1_central_fix_at_Median_bin_ww_qq_log_
no_UOF.eps Graphic file (type eps)

<figs/A_Cluster_mass_sdb2_20tev_eff_1_central_fix_at_Median_bin_ww_qq_log_no_UO
F.eps>
File: figs/A_Cluster_mass_sdb2_40tev_eff_1_central_fix_at_Median_bin_ww_qq_log_
no_UOF.eps Graphic file (type eps)

<figs/A_Cluster_mass_sdb2_40tev_eff_1_central_fix_at_Median_bin_ww_qq_log_no_UO
F.eps>
File: figs/Dis_cluster_012_mass_sdb2_tt_5tev_04_tt_1200_no_UOF.eps Graphic file
 (type eps)
 <figs/Dis_cluster_012_mass_sdb2_tt_5tev_04_tt_1200_no_UOF.eps>
Underfull \hbox (badness 3646) in paragraph at lines 312--312
[]\OT1/cmr/m/n/9 (a) 5 TeV at 20$\OMS/cmsy/m/n/9 ^^B$\OT1/cmr/m/n/9 20
 []

File: figs/Dis_cluster_010_mass_sdb2_tt_10tev_04_tt_1200_no_UOF.eps Graphic fil
e (type eps)
<figs/Dis_cluster_010_mass_sdb2_tt_10tev_04_tt_1200_no_UOF.eps>
Underfull \hbox (badness 1320) in paragraph at lines 315--315
[]\OT1/cmr/m/n/9 (b) 10 TeV at 20$\OMS/cmsy/m/n/9 ^^B$\OT1/cmr/m/n/9 20
 []

File: figs/Dis_cluster_010_mass_sdb2_tt_20tev_04_tt_2400_no_UOF.eps Graphic fil
e (type eps)
<figs/Dis_cluster_010_mass_sdb2_tt_20tev_04_tt_2400_no_UOF.eps>
Underfull \hbox (badness 1661) in paragraph at lines 318--318
[]\OT1/cmr/m/n/9 (c) 20 TeV at 20$\OMS/cmsy/m/n/9 ^^B$\OT1/cmr/m/n/9 20
 []

File: figs/Dis_cluster_010_mass_sdb2_tt_40tev_04_tt_2400_no_UOF.eps Graphic fil
e (type eps)
<figs/Dis_cluster_010_mass_sdb2_tt_40tev_04_tt_2400_no_UOF.eps>
Underfull \hbox (badness 1320) in paragraph at lines 321--321
[]\OT1/cmr/m/n/9 (d) 40 TeV at 20$\OMS/cmsy/m/n/9 ^^B$\OT1/cmr/m/n/9 20
 []

File: figs/Dis_cluster_009_mass_sdb2_tt_5tev_04_tt_1200_no_UOF.eps Graphic file
 (type eps)
<figs/Dis_cluster_009_mass_sdb2_tt_5tev_04_tt_1200_no_UOF.eps>
Underfull \hbox (badness 10000) in paragraph at lines 324--324
[]\OT1/cmr/m/n/9 (e) 5 TeV at 5$\OMS/cmsy/m/n/9 ^^B$\OT1/cmr/m/n/9 5
 []

File: figs/Dis_cluster_009_mass_sdb2_tt_10tev_04_tt_1200_no_UOF.eps Graphic fil
e (type eps)
<figs/Dis_cluster_009_mass_sdb2_tt_10tev_04_tt_1200_no_UOF.eps>
Underfull \hbox (badness 10000) in paragraph at lines 327--327
[]\OT1/cmr/m/n/9 (f) 10 TeV at 5$\OMS/cmsy/m/n/9 ^^B$\OT1/cmr/m/n/9 5
 []

File: figs/Dis_cluster_009_mass_sdb2_tt_20tev_04_tt_2400_no_UOF.eps Graphic fil
e (type eps)
<figs/Dis_cluster_009_mass_sdb2_tt_20tev_04_tt_2400_no_UOF.eps>
Underfull \hbox (badness 4266) in paragraph at lines 330--330
[]\OT1/cmr/m/n/9 (g) 20 TeV at 5$\OMS/cmsy/m/n/9 ^^B$\OT1/cmr/m/n/9 5
 []

File: figs/Dis_cluster_009_mass_sdb2_tt_40tev_04_tt_2400_no_UOF.eps Graphic fil
e (type eps)
<figs/Dis_cluster_009_mass_sdb2_tt_40tev_04_tt_2400_no_UOF.eps>
Underfull \hbox (badness 3930) in paragraph at lines 333--333
[]\OT1/cmr/m/n/9 (h) 40 TeV at 5$\OMS/cmsy/m/n/9 ^^B$\OT1/cmr/m/n/9 5
 []

File: figs/Dis_cluster_012_mass_sdb2_tt_5tev_04_tt_1200_no_UOF.eps Graphic file
 (type eps)
<figs/Dis_cluster_012_mass_sdb2_tt_5tev_04_tt_1200_no_UOF.eps>
Underfull \hbox (badness 10000) in paragraph at lines 336--336
[]\OT1/cmr/m/n/9 (i) 5 TeV at 1$\OMS/cmsy/m/n/9 ^^B$\OT1/cmr/m/n/9 1
 []

File: figs/Dis_cluster_012_mass_sdb2_tt_10tev_04_tt_1200_no_UOF.eps Graphic fil
e (type eps)
<figs/Dis_cluster_012_mass_sdb2_tt_10tev_04_tt_1200_no_UOF.eps>
Underfull \hbox (badness 10000) in paragraph at lines 339--339
[]\OT1/cmr/m/n/9 (j) 10 TeV at 1$\OMS/cmsy/m/n/9 ^^B$\OT1/cmr/m/n/9 1
 []

File: figs/Dis_cluster_012_mass_sdb2_tt_20tev_04_tt_2400_no_UOF.eps Graphic fil
e (type eps)
<figs/Dis_cluster_012_mass_sdb2_tt_20tev_04_tt_2400_no_UOF.eps>
Underfull \hbox (badness 4096) in paragraph at lines 342--342
[]\OT1/cmr/m/n/9 (k) 20 TeV at 1$\OMS/cmsy/m/n/9 ^^B$\OT1/cmr/m/n/9 1
 []

File: figs/Dis_cluster_012_mass_sdb2_tt_40tev_04_tt_2400_no_UOF.eps Graphic fil
e (type eps)
<figs/Dis_cluster_012_mass_sdb2_tt_40tev_04_tt_2400_no_UOF.eps>
Underfull \hbox (badness 10000) in paragraph at lines 345--345
[]\OT1/cmr/m/n/9 (l) 40 TeV at 1$\OMS/cmsy/m/n/9 ^^B$\OT1/cmr/m/n/9 1
 []

File: figs/A_Cluster_mass_sdb2_5tev_eff_1_central_fix_at_Median_bin_tt_qq_log_n
o_UOF.eps Graphic file (type eps)

<figs/A_Cluster_mass_sdb2_5tev_eff_1_central_fix_at_Median_bin_tt_qq_log_no_UOF
.eps>
File: figs/A_Cluster_mass_sdb2_10tev_eff_1_central_fix_at_Median_bin_tt_qq_log_
no_UOF.eps Graphic file (type eps)

<figs/A_Cluster_mass_sdb2_10tev_eff_1_central_fix_at_Median_bin_tt_qq_log_no_UO
F.eps>
File: figs/A_Cluster_mass_sdb2_20tev_eff_1_central_fix_at_Median_bin_tt_qq_log_
no_UOF.eps Graphic file (type eps)

<figs/A_Cluster_mass_sdb2_20tev_eff_1_central_fix_at_Median_bin_tt_qq_log_no_UO
F.eps>
File: figs/A_Cluster_mass_sdb2_40tev_eff_1_central_fix_at_Median_bin_tt_qq_log_
no_UOF.eps Graphic file (type eps)

<figs/A_Cluster_mass_sdb2_40tev_eff_1_central_fix_at_Median_bin_tt_qq_log_no_UO
F.eps>) (./fcc_Mannuwhitney_eff_New_mass_cut_no_UOF_new.tex
Underfull \hbox (badness 10000) in paragraph at lines 2--3

 []


Underfull \hbox (badness 10000) in paragraph at lines 4--5

 []


LaTeX Warning: Reference `' on page 6 undefined on input line 7.


Underfull \hbox (badness 10000) in paragraph at lines 7--8

 []


Underfull \hbox (badness 10000) in paragraph at lines 10--11

 []

[6] [7] [8] [9] [10] [11] [12] [13] [14]
Underfull \hbox (badness 10000) in paragraph at lines 16--19

 []


LaTeX Warning: Reference `' on page 15 undefined on input line 20.


LaTeX Warning: Reference `' on page 15 undefined on input line 25.


Underfull \hbox (badness 10000) in paragraph at lines 25--26

 []


Underfull \hbox (badness 10000) in paragraph at lines 27--28

 []


Underfull \hbox (badness 10000) in paragraph at lines 31--32

 []


Underfull \hbox (badness 10000) in paragraph at lines 33--34

 []

[15]

LaTeX Warning: Reference `' on page 16 undefined on input line 37.


Underfull \hbox (badness 10000) in paragraph at lines 37--38

 []


Underfull \hbox (badness 10000) in paragraph at lines 39--40

 []


Underfull \hbox (badness 10000) in paragraph at lines 46--47

 []


Underfull \hbox (badness 10000) in paragraph at lines 51--52

 []


LaTeX Warning: Reference `' on page 16 undefined on input line 56.


LaTeX Warning: Reference `' on page 16 undefined on input line 56.


Underfull \hbox (badness 10000) in paragraph at lines 56--57

 []


Underfull \hbox (badness 10000) in paragraph at lines 63--64

 []

[16]
Underfull \hbox (badness 10000) in paragraph at lines 65--66

 []


Underfull \hbox (badness 10000) in paragraph at lines 67--68

 []


Underfull \hbox (badness 10000) in paragraph at lines 69--70

 []

File: figs/Dis_Rawhit_05GeV_010_c2b1_5tev_04_after_cut_Man_25_no_UOF_new_75pa_f
or_paper.eps Graphic file (type eps)

<figs/Dis_Rawhit_05GeV_010_c2b1_5tev_04_after_cut_Man_25_no_UOF_new_75pa_for_pa
per.eps>
Underfull \hbox (badness 10000) in paragraph at lines 76--76
[]\OT1/cmr/m/n/9 (a) 5TeV at
 []


Underfull \hbox (badness 10000) in paragraph at lines 76--76
\OT1/cmr/m/n/9 20$\OMS/cmsy/m/n/9 ^^B$\OT1/cmr/m/n/9 20(cm$\OMS/cmsy/m/n/9 ^^B$
\OT1/cmr/m/n/9 cm) in
 []

File: figs/Dis_Rawhit_05GeV_010_c2b1_10tev_04_after_cut_Man_25_no_UOF_new_75pa_
for_paper.eps Graphic file (type eps)

<figs/Dis_Rawhit_05GeV_010_c2b1_10tev_04_after_cut_Man_25_no_UOF_new_75pa_for_p
aper.eps>
Underfull \hbox (badness 10000) in paragraph at lines 79--79
[]\OT1/cmr/m/n/9 (b) 10TeV at
 []


Underfull \hbox (badness 10000) in paragraph at lines 79--79
\OT1/cmr/m/n/9 20$\OMS/cmsy/m/n/9 ^^B$\OT1/cmr/m/n/9 20(cm$\OMS/cmsy/m/n/9 ^^B$
\OT1/cmr/m/n/9 cm) in
 []

File: figs/Dis_Rawhit_05GeV_010_c2b1_20tev_04_after_cut_Man_25_no_UOF_new_75pa_
for_paper.eps Graphic file (type eps)

<figs/Dis_Rawhit_05GeV_010_c2b1_20tev_04_after_cut_Man_25_no_UOF_new_75pa_for_p
aper.eps>
Underfull \hbox (badness 10000) in paragraph at lines 82--82
[]\OT1/cmr/m/n/9 (c) 20TeV at
 []


Underfull \hbox (badness 10000) in paragraph at lines 82--82
\OT1/cmr/m/n/9 20$\OMS/cmsy/m/n/9 ^^B$\OT1/cmr/m/n/9 20(cm$\OMS/cmsy/m/n/9 ^^B$
\OT1/cmr/m/n/9 cm) in
 []

File: figs/Dis_Rawhit_05GeV_010_c2b1_40tev_04_after_cut_Man_25_no_UOF_new_75pa_
for_paper.eps Graphic file (type eps)

<figs/Dis_Rawhit_05GeV_010_c2b1_40tev_04_after_cut_Man_25_no_UOF_new_75pa_for_p
aper.eps>
Underfull \hbox (badness 10000) in paragraph at lines 85--85
[]\OT1/cmr/m/n/9 (d) 40TeV at
 []


Underfull \hbox (badness 10000) in paragraph at lines 85--85
\OT1/cmr/m/n/9 20$\OMS/cmsy/m/n/9 ^^B$\OT1/cmr/m/n/9 20(cm$\OMS/cmsy/m/n/9 ^^B$
\OT1/cmr/m/n/9 cm) in
 []

File: figs/Dis_Rawhit_05GeV_009_c2b1_5tev_04_after_cut_Man_25_no_UOF_new_75pa_f
or_paper.eps Graphic file (type eps)

<figs/Dis_Rawhit_05GeV_009_c2b1_5tev_04_after_cut_Man_25_no_UOF_new_75pa_for_pa
per.eps>
Underfull \hbox (badness 10000) in paragraph at lines 88--88
[]\OT1/cmr/m/n/9 (e) 5TeV at
 []


Underfull \hbox (badness 10000) in paragraph at lines 88--88
\OT1/cmr/m/n/9 5$\OMS/cmsy/m/n/9 ^^B$\OT1/cmr/m/n/9 5(cm$\OMS/cmsy/m/n/9 ^^B$\O
T1/cmr/m/n/9 cm) in
 []

File: figs/Dis_Rawhit_05GeV_009_c2b1_10tev_04_after_cut_Man_25_no_UOF_new_75pa_
for_paper.eps Graphic file (type eps)

<figs/Dis_Rawhit_05GeV_009_c2b1_10tev_04_after_cut_Man_25_no_UOF_new_75pa_for_p
aper.eps>
Underfull \hbox (badness 10000) in paragraph at lines 91--91
[]\OT1/cmr/m/n/9 (f) 10TeV at
 []


Underfull \hbox (badness 10000) in paragraph at lines 91--91
\OT1/cmr/m/n/9 5$\OMS/cmsy/m/n/9 ^^B$\OT1/cmr/m/n/9 5(cm$\OMS/cmsy/m/n/9 ^^B$\O
T1/cmr/m/n/9 cm) in
 []

File: figs/Dis_Rawhit_05GeV_009_c2b1_20tev_04_after_cut_Man_25_no_UOF_new_75pa_
for_paper.eps Graphic file (type eps)

<figs/Dis_Rawhit_05GeV_009_c2b1_20tev_04_after_cut_Man_25_no_UOF_new_75pa_for_p
aper.eps>
Underfull \hbox (badness 10000) in paragraph at lines 94--94
[]\OT1/cmr/m/n/9 (g) 20TeV at
 []


Underfull \hbox (badness 10000) in paragraph at lines 94--94
\OT1/cmr/m/n/9 5$\OMS/cmsy/m/n/9 ^^B$\OT1/cmr/m/n/9 5(cm$\OMS/cmsy/m/n/9 ^^B$\O
T1/cmr/m/n/9 cm) in
 []

File: figs/Dis_Rawhit_05GeV_009_c2b1_40tev_04_after_cut_Man_25_no_UOF_new_75pa_
for_paper.eps Graphic file (type eps)

<figs/Dis_Rawhit_05GeV_009_c2b1_40tev_04_after_cut_Man_25_no_UOF_new_75pa_for_p
aper.eps>
Underfull \hbox (badness 10000) in paragraph at lines 97--97
[]\OT1/cmr/m/n/9 (h) 40TeV at
 []


Underfull \hbox (badness 10000) in paragraph at lines 97--97
\OT1/cmr/m/n/9 5$\OMS/cmsy/m/n/9 ^^B$\OT1/cmr/m/n/9 5(cm$\OMS/cmsy/m/n/9 ^^B$\O
T1/cmr/m/n/9 cm) in
 []

File: figs/Dis_Rawhit_05GeV_012_c2b1_5tev_04_after_cut_Man_25_no_UOF_new_75pa_f
or_paper.eps Graphic file (type eps)

<figs/Dis_Rawhit_05GeV_012_c2b1_5tev_04_after_cut_Man_25_no_UOF_new_75pa_for_pa
per.eps>
Underfull \hbox (badness 10000) in paragraph at lines 100--100
[]\OT1/cmr/m/n/9 (i) 5TeV at
 []


Underfull \hbox (badness 10000) in paragraph at lines 100--100
\OT1/cmr/m/n/9 1$\OMS/cmsy/m/n/9 ^^B$\OT1/cmr/m/n/9 1(cm$\OMS/cmsy/m/n/9 ^^B$\O
T1/cmr/m/n/9 cm) in
 []

File: figs/Dis_Rawhit_05GeV_012_c2b1_10tev_04_after_cut_Man_25_no_UOF_new_75pa_
for_paper.eps Graphic file (type eps)

<figs/Dis_Rawhit_05GeV_012_c2b1_10tev_04_after_cut_Man_25_no_UOF_new_75pa_for_p
aper.eps>
Underfull \hbox (badness 10000) in paragraph at lines 103--103
[]\OT1/cmr/m/n/9 (j) 10TeV at
 []


Underfull \hbox (badness 10000) in paragraph at lines 103--103
\OT1/cmr/m/n/9 1$\OMS/cmsy/m/n/9 ^^B$\OT1/cmr/m/n/9 1(cm$\OMS/cmsy/m/n/9 ^^B$\O
T1/cmr/m/n/9 cm) in
 []

File: figs/Dis_Rawhit_05GeV_012_c2b1_20tev_04_after_cut_Man_25_no_UOF_new_75pa_
for_paper.eps Graphic file (type eps)

<figs/Dis_Rawhit_05GeV_012_c2b1_20tev_04_after_cut_Man_25_no_UOF_new_75pa_for_p
aper.eps>
Underfull \hbox (badness 10000) in paragraph at lines 106--106
[]\OT1/cmr/m/n/9 (k) 20TeV at
 []


Underfull \hbox (badness 10000) in paragraph at lines 106--106
\OT1/cmr/m/n/9 1$\OMS/cmsy/m/n/9 ^^B$\OT1/cmr/m/n/9 1(cm$\OMS/cmsy/m/n/9 ^^B$\O
T1/cmr/m/n/9 cm) in
 []

File: figs/Dis_Rawhit_05GeV_012_c2b1_40tev_04_after_cut_Man_25_no_UOF_new_75pa_
for_paper.eps Graphic file (type eps)

<figs/Dis_Rawhit_05GeV_012_c2b1_40tev_04_after_cut_Man_25_no_UOF_new_75pa_for_p
aper.eps>
Underfull \hbox (badness 10000) in paragraph at lines 109--109
[]\OT1/cmr/m/n/9 (l) 40TeV at
 []


Underfull \hbox (badness 10000) in paragraph at lines 109--109
\OT1/cmr/m/n/9 1$\OMS/cmsy/m/n/9 ^^B$\OT1/cmr/m/n/9 1(cm$\OMS/cmsy/m/n/9 ^^B$\O
T1/cmr/m/n/9 cm) in
 []

File: figs/Rawhit_05GeV_c2b1_5tev_eff_1_New2_after_cut_25bins_no_UOF_new_75pa.e
ps Graphic file (type eps)
<figs/Rawhit_05GeV_c2b1_5tev_eff_1_New2_after_cut_25bins_no_UOF_new_75pa.eps>
File: figs/Rawhit_05GeV_c2b1_10tev_eff_1_New2_after_cut_25bins_no_UOF_new_75pa.
eps Graphic file (type eps)

<figs/Rawhit_05GeV_c2b1_10tev_eff_1_New2_after_cut_25bins_no_UOF_new_75pa.eps>
File: figs/Rawhit_05GeV_c2b1_20tev_eff_1_New2_after_cut_25bins_no_UOF_new_75pa.
eps Graphic file (type eps)

<figs/Rawhit_05GeV_c2b1_20tev_eff_1_New2_after_cut_25bins_no_UOF_new_75pa.eps>
File: figs/Rawhit_05GeV_c2b1_40tev_eff_1_New2_after_cut_25bins_no_UOF_new_75pa.
eps Graphic file (type eps)

<figs/Rawhit_05GeV_c2b1_40tev_eff_1_New2_after_cut_25bins_no_UOF_new_75pa.eps>
File: figs/Dis_Rawhit_05GeV_010_tau21_5tev_04_after_cut_Man_25_no_UOF_new_75pa_
for_paper.eps Graphic file (type eps)

<figs/Dis_Rawhit_05GeV_010_tau21_5tev_04_after_cut_Man_25_no_UOF_new_75pa_for_p
aper.eps>
Underfull \hbox (badness 10000) in paragraph at lines 140--140
[]\OT1/cmr/m/n/9 (a) 5TeV at
 []


Underfull \hbox (badness 10000) in paragraph at lines 140--140
\OT1/cmr/m/n/9 20$\OMS/cmsy/m/n/9 ^^B$\OT1/cmr/m/n/9 20(cm$\OMS/cmsy/m/n/9 ^^B$
\OT1/cmr/m/n/9 cm) in
 []

File: figs/Dis_Rawhit_05GeV_010_tau21_10tev_04_after_cut_Man_25_no_UOF_new_75pa
_for_paper.eps Graphic file (type eps)

<figs/Dis_Rawhit_05GeV_010_tau21_10tev_04_after_cut_Man_25_no_UOF_new_75pa_for_
paper.eps>
Underfull \hbox (badness 10000) in paragraph at lines 143--143
[]\OT1/cmr/m/n/9 (b) 10TeV at
 []


Underfull \hbox (badness 10000) in paragraph at lines 143--143
\OT1/cmr/m/n/9 20$\OMS/cmsy/m/n/9 ^^B$\OT1/cmr/m/n/9 20(cm$\OMS/cmsy/m/n/9 ^^B$
\OT1/cmr/m/n/9 cm) in
 []

File: figs/Dis_Rawhit_05GeV_010_tau21_20tev_04_after_cut_Man_25_no_UOF_new_75pa
_for_paper.eps Graphic file (type eps)

<figs/Dis_Rawhit_05GeV_010_tau21_20tev_04_after_cut_Man_25_no_UOF_new_75pa_for_
paper.eps>
Underfull \hbox (badness 10000) in paragraph at lines 146--146
[]\OT1/cmr/m/n/9 (c) 20TeV at
 []


Underfull \hbox (badness 10000) in paragraph at lines 146--146
\OT1/cmr/m/n/9 20$\OMS/cmsy/m/n/9 ^^B$\OT1/cmr/m/n/9 20(cm$\OMS/cmsy/m/n/9 ^^B$
\OT1/cmr/m/n/9 cm) in
 []

File: figs/Dis_Rawhit_05GeV_010_tau21_40tev_04_after_cut_Man_25_no_UOF_new_75pa
_for_paper.eps Graphic file (type eps)

<figs/Dis_Rawhit_05GeV_010_tau21_40tev_04_after_cut_Man_25_no_UOF_new_75pa_for_
paper.eps>
Underfull \hbox (badness 10000) in paragraph at lines 149--149
[]\OT1/cmr/m/n/9 (d) 40TeV at
 []


Underfull \hbox (badness 10000) in paragraph at lines 149--149
\OT1/cmr/m/n/9 20$\OMS/cmsy/m/n/9 ^^B$\OT1/cmr/m/n/9 20(cm$\OMS/cmsy/m/n/9 ^^B$
\OT1/cmr/m/n/9 cm) in
 []

File: figs/Dis_Rawhit_05GeV_009_tau21_5tev_04_after_cut_Man_25_no_UOF_new_75pa_
for_paper.eps Graphic file (type eps)

<figs/Dis_Rawhit_05GeV_009_tau21_5tev_04_after_cut_Man_25_no_UOF_new_75pa_for_p
aper.eps>
Underfull \hbox (badness 10000) in paragraph at lines 152--152
[]\OT1/cmr/m/n/9 (e) 5TeV at
 []


Underfull \hbox (badness 10000) in paragraph at lines 152--152
\OT1/cmr/m/n/9 5$\OMS/cmsy/m/n/9 ^^B$\OT1/cmr/m/n/9 5(cm$\OMS/cmsy/m/n/9 ^^B$\O
T1/cmr/m/n/9 cm) in
 []

File: figs/Dis_Rawhit_05GeV_009_tau21_10tev_04_after_cut_Man_25_no_UOF_new_75pa
_for_paper.eps Graphic file (type eps)

<figs/Dis_Rawhit_05GeV_009_tau21_10tev_04_after_cut_Man_25_no_UOF_new_75pa_for_
paper.eps>
Underfull \hbox (badness 10000) in paragraph at lines 155--155
[]\OT1/cmr/m/n/9 (f) 10TeV at
 []


Underfull \hbox (badness 10000) in paragraph at lines 155--155
\OT1/cmr/m/n/9 5$\OMS/cmsy/m/n/9 ^^B$\OT1/cmr/m/n/9 5(cm$\OMS/cmsy/m/n/9 ^^B$\O
T1/cmr/m/n/9 cm) in
 []

File: figs/Dis_Rawhit_05GeV_009_tau21_20tev_04_after_cut_Man_25_no_UOF_new_75pa
_for_paper.eps Graphic file (type eps)

<figs/Dis_Rawhit_05GeV_009_tau21_20tev_04_after_cut_Man_25_no_UOF_new_75pa_for_
paper.eps>
Underfull \hbox (badness 10000) in paragraph at lines 158--158
[]\OT1/cmr/m/n/9 (g) 20TeV at
 []


Underfull \hbox (badness 10000) in paragraph at lines 158--158
\OT1/cmr/m/n/9 5$\OMS/cmsy/m/n/9 ^^B$\OT1/cmr/m/n/9 5(cm$\OMS/cmsy/m/n/9 ^^B$\O
T1/cmr/m/n/9 cm) in
 []

File: figs/Dis_Rawhit_05GeV_009_tau21_40tev_04_after_cut_Man_25_no_UOF_new_75pa
_for_paper.eps Graphic file (type eps)

<figs/Dis_Rawhit_05GeV_009_tau21_40tev_04_after_cut_Man_25_no_UOF_new_75pa_for_
paper.eps>
Underfull \hbox (badness 10000) in paragraph at lines 161--161
[]\OT1/cmr/m/n/9 (h) 40TeV at
 []


Underfull \hbox (badness 10000) in paragraph at lines 161--161
\OT1/cmr/m/n/9 5$\OMS/cmsy/m/n/9 ^^B$\OT1/cmr/m/n/9 5(cm$\OMS/cmsy/m/n/9 ^^B$\O
T1/cmr/m/n/9 cm) in
 []

File: figs/Dis_Rawhit_05GeV_012_tau21_5tev_04_after_cut_Man_25_no_UOF_new_75pa_
for_paper.eps Graphic file (type eps)

<figs/Dis_Rawhit_05GeV_012_tau21_5tev_04_after_cut_Man_25_no_UOF_new_75pa_for_p
aper.eps>
Underfull \hbox (badness 10000) in paragraph at lines 164--164
[]\OT1/cmr/m/n/9 (i) 5TeV at
 []


Underfull \hbox (badness 10000) in paragraph at lines 164--164
\OT1/cmr/m/n/9 1$\OMS/cmsy/m/n/9 ^^B$\OT1/cmr/m/n/9 1(cm$\OMS/cmsy/m/n/9 ^^B$\O
T1/cmr/m/n/9 cm) in
 []

File: figs/Dis_Rawhit_05GeV_012_tau21_10tev_04_after_cut_Man_25_no_UOF_new_75pa
_for_paper.eps Graphic file (type eps)

<figs/Dis_Rawhit_05GeV_012_tau21_10tev_04_after_cut_Man_25_no_UOF_new_75pa_for_
paper.eps>
Underfull \hbox (badness 10000) in paragraph at lines 167--167
[]\OT1/cmr/m/n/9 (j) 10TeV at
 []


Underfull \hbox (badness 10000) in paragraph at lines 167--167
\OT1/cmr/m/n/9 1$\OMS/cmsy/m/n/9 ^^B$\OT1/cmr/m/n/9 1(cm$\OMS/cmsy/m/n/9 ^^B$\O
T1/cmr/m/n/9 cm) in
 []

File: figs/Dis_Rawhit_05GeV_012_tau21_20tev_04_after_cut_Man_25_no_UOF_new_75pa
_for_paper.eps Graphic file (type eps)

<figs/Dis_Rawhit_05GeV_012_tau21_20tev_04_after_cut_Man_25_no_UOF_new_75pa_for_
paper.eps>
Underfull \hbox (badness 10000) in paragraph at lines 170--170
[]\OT1/cmr/m/n/9 (k) 20TeV at
 []


Underfull \hbox (badness 10000) in paragraph at lines 170--170
\OT1/cmr/m/n/9 1$\OMS/cmsy/m/n/9 ^^B$\OT1/cmr/m/n/9 1(cm$\OMS/cmsy/m/n/9 ^^B$\O
T1/cmr/m/n/9 cm) in
 []

File: figs/Dis_Rawhit_05GeV_012_tau21_40tev_04_after_cut_Man_25_no_UOF_new_75pa
_for_paper.eps Graphic file (type eps)

<figs/Dis_Rawhit_05GeV_012_tau21_40tev_04_after_cut_Man_25_no_UOF_new_75pa_for_
paper.eps>
Underfull \hbox (badness 10000) in paragraph at lines 173--173
[]\OT1/cmr/m/n/9 (l) 40TeV at
 []


Underfull \hbox (badness 10000) in paragraph at lines 173--173
\OT1/cmr/m/n/9 1$\OMS/cmsy/m/n/9 ^^B$\OT1/cmr/m/n/9 1(cm$\OMS/cmsy/m/n/9 ^^B$\O
T1/cmr/m/n/9 cm) in
 []

File: figs/Rawhit_05GeV_tau21_5tev_eff_1_New2_after_cut_25bins_no_UOF_new_75pa.
eps Graphic file (type eps)

<figs/Rawhit_05GeV_tau21_5tev_eff_1_New2_after_cut_25bins_no_UOF_new_75pa.eps>
File: figs/Rawhit_05GeV_tau21_10tev_eff_1_New2_after_cut_25bins_no_UOF_new_75pa
.eps Graphic file (type eps)

<figs/Rawhit_05GeV_tau21_10tev_eff_1_New2_after_cut_25bins_no_UOF_new_75pa.eps>
File: figs/Rawhit_05GeV_tau21_20tev_eff_1_New2_after_cut_25bins_no_UOF_new_75pa
.eps Graphic file (type eps)

<figs/Rawhit_05GeV_tau21_20tev_eff_1_New2_after_cut_25bins_no_UOF_new_75pa.eps>
File: figs/Rawhit_05GeV_tau21_40tev_eff_1_New2_after_cut_25bins_no_UOF_new_75pa
.eps Graphic file (type eps)

<figs/Rawhit_05GeV_tau21_40tev_eff_1_New2_after_cut_25bins_no_UOF_new_75pa.eps>
File: figs/Dis_Rawhit_05GeV_010_tau32_5tev_04_after_cut_Man_25_no_UOF_new_75pa_
for_paper.eps Graphic file (type eps)

<figs/Dis_Rawhit_05GeV_010_tau32_5tev_04_after_cut_Man_25_no_UOF_new_75pa_for_p
aper.eps>
Underfull \hbox (badness 10000) in paragraph at lines 204--204
[]\OT1/cmr/m/n/9 (a) 5TeV at
 []


Underfull \hbox (badness 10000) in paragraph at lines 204--204
\OT1/cmr/m/n/9 20$\OMS/cmsy/m/n/9 ^^B$\OT1/cmr/m/n/9 20(cm$\OMS/cmsy/m/n/9 ^^B$
\OT1/cmr/m/n/9 cm) in
 []

File: figs/Dis_Rawhit_05GeV_010_tau32_10tev_04_after_cut_Man_25_no_UOF_new_75pa
_for_paper.eps Graphic file (type eps)

<figs/Dis_Rawhit_05GeV_010_tau32_10tev_04_after_cut_Man_25_no_UOF_new_75pa_for_
paper.eps>
Underfull \hbox (badness 10000) in paragraph at lines 207--207
[]\OT1/cmr/m/n/9 (b) 10TeV at
 []


Underfull \hbox (badness 10000) in paragraph at lines 207--207
\OT1/cmr/m/n/9 20$\OMS/cmsy/m/n/9 ^^B$\OT1/cmr/m/n/9 20(cm$\OMS/cmsy/m/n/9 ^^B$
\OT1/cmr/m/n/9 cm) in
 []

File: figs/Dis_Rawhit_05GeV_010_tau32_20tev_04_after_cut_Man_25_no_UOF_new_75pa
_for_paper.eps Graphic file (type eps)

<figs/Dis_Rawhit_05GeV_010_tau32_20tev_04_after_cut_Man_25_no_UOF_new_75pa_for_
paper.eps>
Underfull \hbox (badness 10000) in paragraph at lines 210--210
[]\OT1/cmr/m/n/9 (c) 20TeV at
 []


Underfull \hbox (badness 10000) in paragraph at lines 210--210
\OT1/cmr/m/n/9 20$\OMS/cmsy/m/n/9 ^^B$\OT1/cmr/m/n/9 20(cm$\OMS/cmsy/m/n/9 ^^B$
\OT1/cmr/m/n/9 cm) in
 []

File: figs/Dis_Rawhit_05GeV_010_tau32_40tev_04_after_cut_Man_25_no_UOF_new_75pa
_for_paper.eps Graphic file (type eps)

<figs/Dis_Rawhit_05GeV_010_tau32_40tev_04_after_cut_Man_25_no_UOF_new_75pa_for_
paper.eps>
Underfull \hbox (badness 10000) in paragraph at lines 213--213
[]\OT1/cmr/m/n/9 (d) 40TeV at
 []


Underfull \hbox (badness 10000) in paragraph at lines 213--213
\OT1/cmr/m/n/9 20$\OMS/cmsy/m/n/9 ^^B$\OT1/cmr/m/n/9 20(cm$\OMS/cmsy/m/n/9 ^^B$
\OT1/cmr/m/n/9 cm) in
 []

File: figs/Dis_Rawhit_05GeV_009_tau32_5tev_04_after_cut_Man_25_no_UOF_new_75pa_
for_paper.eps Graphic file (type eps)

<figs/Dis_Rawhit_05GeV_009_tau32_5tev_04_after_cut_Man_25_no_UOF_new_75pa_for_p
aper.eps>
Underfull \hbox (badness 10000) in paragraph at lines 216--216
[]\OT1/cmr/m/n/9 (e) 5TeV at
 []


Underfull \hbox (badness 10000) in paragraph at lines 216--216
\OT1/cmr/m/n/9 5$\OMS/cmsy/m/n/9 ^^B$\OT1/cmr/m/n/9 5(cm$\OMS/cmsy/m/n/9 ^^B$\O
T1/cmr/m/n/9 cm) in
 []

File: figs/Dis_Rawhit_05GeV_009_tau32_10tev_04_after_cut_Man_25_no_UOF_new_75pa
_for_paper.eps Graphic file (type eps)

<figs/Dis_Rawhit_05GeV_009_tau32_10tev_04_after_cut_Man_25_no_UOF_new_75pa_for_
paper.eps>
Underfull \hbox (badness 10000) in paragraph at lines 219--219
[]\OT1/cmr/m/n/9 (f) 10TeV at
 []


Underfull \hbox (badness 10000) in paragraph at lines 219--219
\OT1/cmr/m/n/9 5$\OMS/cmsy/m/n/9 ^^B$\OT1/cmr/m/n/9 5(cm$\OMS/cmsy/m/n/9 ^^B$\O
T1/cmr/m/n/9 cm) in
 []

File: figs/Dis_Rawhit_05GeV_009_tau32_20tev_04_after_cut_Man_25_no_UOF_new_75pa
_for_paper.eps Graphic file (type eps)

<figs/Dis_Rawhit_05GeV_009_tau32_20tev_04_after_cut_Man_25_no_UOF_new_75pa_for_
paper.eps>
Underfull \hbox (badness 10000) in paragraph at lines 222--222
[]\OT1/cmr/m/n/9 (g) 20TeV at
 []


Underfull \hbox (badness 10000) in paragraph at lines 222--222
\OT1/cmr/m/n/9 5$\OMS/cmsy/m/n/9 ^^B$\OT1/cmr/m/n/9 5(cm$\OMS/cmsy/m/n/9 ^^B$\O
T1/cmr/m/n/9 cm) in
 []

File: figs/Dis_Rawhit_05GeV_009_tau32_40tev_04_after_cut_Man_25_no_UOF_new_75pa
_for_paper.eps Graphic file (type eps)

<figs/Dis_Rawhit_05GeV_009_tau32_40tev_04_after_cut_Man_25_no_UOF_new_75pa_for_
paper.eps>
Underfull \hbox (badness 10000) in paragraph at lines 225--225
[]\OT1/cmr/m/n/9 (h) 40TeV at
 []


Underfull \hbox (badness 10000) in paragraph at lines 225--225
\OT1/cmr/m/n/9 5$\OMS/cmsy/m/n/9 ^^B$\OT1/cmr/m/n/9 5(cm$\OMS/cmsy/m/n/9 ^^B$\O
T1/cmr/m/n/9 cm) in
 []

File: figs/Dis_Rawhit_05GeV_012_tau32_5tev_04_after_cut_Man_25_no_UOF_new_75pa_
for_paper.eps Graphic file (type eps)

<figs/Dis_Rawhit_05GeV_012_tau32_5tev_04_after_cut_Man_25_no_UOF_new_75pa_for_p
aper.eps>
Underfull \hbox (badness 10000) in paragraph at lines 228--228
[]\OT1/cmr/m/n/9 (i) 5TeV at
 []


Underfull \hbox (badness 10000) in paragraph at lines 228--228
\OT1/cmr/m/n/9 1$\OMS/cmsy/m/n/9 ^^B$\OT1/cmr/m/n/9 1(cm$\OMS/cmsy/m/n/9 ^^B$\O
T1/cmr/m/n/9 cm) in
 []

File: figs/Dis_Rawhit_05GeV_012_tau32_10tev_04_after_cut_Man_25_no_UOF_new_75pa
_for_paper.eps Graphic file (type eps)

<figs/Dis_Rawhit_05GeV_012_tau32_10tev_04_after_cut_Man_25_no_UOF_new_75pa_for_
paper.eps>
Underfull \hbox (badness 10000) in paragraph at lines 231--231
[]\OT1/cmr/m/n/9 (j) 10TeV at
 []


Underfull \hbox (badness 10000) in paragraph at lines 231--231
\OT1/cmr/m/n/9 1$\OMS/cmsy/m/n/9 ^^B$\OT1/cmr/m/n/9 1(cm$\OMS/cmsy/m/n/9 ^^B$\O
T1/cmr/m/n/9 cm) in
 []

File: figs/Dis_Rawhit_05GeV_012_tau32_20tev_04_after_cut_Man_25_no_UOF_new_75pa
_for_paper.eps Graphic file (type eps)

<figs/Dis_Rawhit_05GeV_012_tau32_20tev_04_after_cut_Man_25_no_UOF_new_75pa_for_
paper.eps>
Underfull \hbox (badness 10000) in paragraph at lines 234--234
[]\OT1/cmr/m/n/9 (k) 20TeV at
 []


Underfull \hbox (badness 10000) in paragraph at lines 234--234
\OT1/cmr/m/n/9 1$\OMS/cmsy/m/n/9 ^^B$\OT1/cmr/m/n/9 1(cm$\OMS/cmsy/m/n/9 ^^B$\O
T1/cmr/m/n/9 cm) in
 []

File: figs/Dis_Rawhit_05GeV_012_tau32_40tev_04_after_cut_Man_25_no_UOF_new_75pa
_for_paper.eps Graphic file (type eps)

<figs/Dis_Rawhit_05GeV_012_tau32_40tev_04_after_cut_Man_25_no_UOF_new_75pa_for_
paper.eps>
Underfull \hbox (badness 10000) in paragraph at lines 237--237
[]\OT1/cmr/m/n/9 (l) 40TeV at
 []


Underfull \hbox (badness 10000) in paragraph at lines 237--237
\OT1/cmr/m/n/9 1$\OMS/cmsy/m/n/9 ^^B$\OT1/cmr/m/n/9 1(cm$\OMS/cmsy/m/n/9 ^^B$\O
T1/cmr/m/n/9 cm) in
 []

File: figs/Rawhit_05GeV_tau32_5tev_eff_1_New2_after_cut_25bins_no_UOF_new_75pa.
eps Graphic file (type eps)

<figs/Rawhit_05GeV_tau32_5tev_eff_1_New2_after_cut_25bins_no_UOF_new_75pa.eps>
File: figs/Rawhit_05GeV_tau32_10tev_eff_1_New2_after_cut_25bins_no_UOF_new_75pa
.eps Graphic file (type eps)

<figs/Rawhit_05GeV_tau32_10tev_eff_1_New2_after_cut_25bins_no_UOF_new_75pa.eps>
File: figs/Rawhit_05GeV_tau32_20tev_eff_1_New2_after_cut_25bins_no_UOF_new_75pa
.eps Graphic file (type eps)

<figs/Rawhit_05GeV_tau32_20tev_eff_1_New2_after_cut_25bins_no_UOF_new_75pa.eps>
File: figs/Rawhit_05GeV_tau32_40tev_eff_1_New2_after_cut_25bins_no_UOF_new_75pa
.eps Graphic file (type eps)

<figs/Rawhit_05GeV_tau32_40tev_eff_1_New2_after_cut_25bins_no_UOF_new_75pa.eps>
File: figs/raw_05_tau21_summary_U_after_cut_25bins_no_UOF_new_75pa.eps Graphic 
file (type eps)
<figs/raw_05_tau21_summary_U_after_cut_25bins_no_UOF_new_75pa.eps>
File: figs/raw_05_tau32_summary_U_after_cut_25bins_no_UOF_new_75pa.eps Graphic 
file (type eps)

<figs/raw_05_tau32_summary_U_after_cut_25bins_no_UOF_new_75pa.eps>
File: figs/raw_05_c2b1_summary_U_after_cut_25bins_no_UOF_new_75pa.eps Graphic f
ile (type eps)

<figs/raw_05_c2b1_summary_U_after_cut_25bins_no_UOF_new_75pa.eps>) [17]
[18] [19] [20] [21] [22] [23] [24] (./fcc_hcal.bbl
Missing character: There is no  in font cmr9!
Missing character: There is no  in font cmr9!
Missing character: There is no  in font cmr9!
Missing character: There is no  in font cmr9!
Missing character: There is no  in font cmr9!
Missing character: There is no  in font cmr9!
Missing character: There is no  in font cmr9!
Missing character: There is no  in font cmr9!

Underfull \hbox (badness 10000) in paragraph at lines 101--106
[]\OT1/cmr/m/n/9 S. Catani, Y. L. Dok-shitzer, M. H. Sey-mour, B. R. Web-ber,
 []

)

Package natbib Warning: There were undefined citations.

Package atveryend Info: Empty hook `BeforeClearDocument' on input line 318.
[25]
Package atveryend Info: Empty hook `AfterLastShipout' on input line 318.
 (./fcc_hcal.aux)
Package atveryend Info: Empty hook `AtVeryEndDocument' on input line 318.
Package atveryend Info: Executing hook `AtEndAfterFileList' on input line 318.
Package rerunfilecheck Info: File `fcc_hcal.out' has not changed.
(rerunfilecheck)             Checksum: 9E4DD93270002D17B9B409702CCE4E28;1412.


LaTeX Warning: There were undefined references.

Package atveryend Info: Empty hook `AtVeryVeryEnd' on input line 318.
 ) 
Here is how much of TeX's memory you used:
 8338 strings out of 493305
 134502 string characters out of 6139897
 272362 words of memory out of 5000000
 11524 multiletter control sequences out of 15000+600000
 17629 words of font info for 71 fonts, out of 8000000 for 9000
 957 hyphenation exceptions out of 8191
 32i,8n,40p,710b,433s stack positions out of 5000i,500n,10000p,200000b,80000s

Output written on fcc_hcal.dvi (25 pages, 135748 bytes).
